<?xml version="1.0" encoding="UTF-8"?>
<!-- Generated by org.testng.reporters.JUnitXMLReporter -->
<testsuite hostname="LAPTOP-PSMGHAN6" ignored="0" name="Group of group Test" tests="8" failures="8" timestamp="2021-05-22T15:45:50 SGT" time="59.045" errors="0">
  <testcase name="testcase" time="7.727" classname="com.planit.application.tests.TC001">
    <failure type="java.lang.AssertionError" message="Error Occured while clicking on ">
      <![CDATA[java.lang.AssertionError: Error Occured while clicking on 
at com.planit.core.framework.BaseUtil.clickOn(BaseUtil.java:24)
at com.planit.application.pagefactory.HomePage.goToContactPage(HomePage.java:51)
at com.planit.application.tests.TC001.testcase(TC001.java:35)
at java.util.ArrayList.forEach(Unknown Source)
... Removed 32 stack frames]]>
    </failure>
  </testcase> <!-- testcase -->
  <testcase name="testcase" time="7.608" classname="com.planit.application.tests.TC002">
    <failure type="java.lang.AssertionError" message="Error Occured while clicking on ">
      <![CDATA[java.lang.AssertionError: Error Occured while clicking on 
at com.planit.core.framework.BaseUtil.clickOn(BaseUtil.java:24)
at com.planit.application.pagefactory.HomePage.goToContactPage(HomePage.java:51)
at com.planit.application.tests.TC002.testcase(TC002.java:37)
at java.util.ArrayList.forEach(Unknown Source)
... Removed 32 stack frames]]>
    </failure>
  </testcase> <!-- testcase -->
  <testcase name="testcase" time="5.208" classname="com.planit.application.tests.TC002">
    <failure type="java.lang.AssertionError" message="Error Occured while clicking on ">
      <![CDATA[java.lang.AssertionError: Error Occured while clicking on 
at com.planit.core.framework.BaseUtil.clickOn(BaseUtil.java:24)
at com.planit.application.pagefactory.HomePage.goToContactPage(HomePage.java:51)
at com.planit.application.tests.TC002.testcase(TC002.java:37)
at java.util.ArrayList.forEach(Unknown Source)
... Removed 32 stack frames]]>
    </failure>
  </testcase> <!-- testcase -->
  <testcase name="testcase" time="5.186" classname="com.planit.application.tests.TC002">
    <failure type="java.lang.AssertionError" message="Error Occured while clicking on ">
      <![CDATA[java.lang.AssertionError: Error Occured while clicking on 
at com.planit.core.framework.BaseUtil.clickOn(BaseUtil.java:24)
at com.planit.application.pagefactory.HomePage.goToContactPage(HomePage.java:51)
at com.planit.application.tests.TC002.testcase(TC002.java:37)
at java.util.ArrayList.forEach(Unknown Source)
... Removed 32 stack frames]]>
    </failure>
  </testcase> <!-- testcase -->
  <testcase name="testcase" time="5.208" classname="com.planit.application.tests.TC002">
    <failure type="java.lang.AssertionError" message="Error Occured while clicking on ">
      <![CDATA[java.lang.AssertionError: Error Occured while clicking on 
at com.planit.core.framework.BaseUtil.clickOn(BaseUtil.java:24)
at com.planit.application.pagefactory.HomePage.goToContactPage(HomePage.java:51)
at com.planit.application.tests.TC002.testcase(TC002.java:37)
at java.util.ArrayList.forEach(Unknown Source)
... Removed 32 stack frames]]>
    </failure>
  </testcase> <!-- testcase -->
  <testcase name="testcase" time="5.238" classname="com.planit.application.tests.TC002">
    <failure type="java.lang.AssertionError" message="Error Occured while clicking on ">
      <![CDATA[java.lang.AssertionError: Error Occured while clicking on 
at com.planit.core.framework.BaseUtil.clickOn(BaseUtil.java:24)
at com.planit.application.pagefactory.HomePage.goToContactPage(HomePage.java:51)
at com.planit.application.tests.TC002.testcase(TC002.java:37)
at java.util.ArrayList.forEach(Unknown Source)
... Removed 32 stack frames]]>
    </failure>
  </testcase> <!-- testcase -->
  <testcase name="testcase" time="7.719" classname="com.planit.application.tests.TC003">
    <failure type="java.lang.AssertionError" message="Error Occured while clicking on ">
      <![CDATA[java.lang.AssertionError: Error Occured while clicking on 
at com.planit.core.framework.BaseUtil.clickOn(BaseUtil.java:24)
at com.planit.application.pagefactory.HomePage.goToShoppingPage(HomePage.java:47)
at com.planit.application.tests.TC003.testcase(TC003.java:43)
at java.util.ArrayList.forEach(Unknown Source)
... Removed 32 stack frames]]>
    </failure>
  </testcase> <!-- testcase -->
  <testcase name="testcase" time="7.627" classname="com.planit.application.tests.TC004">
    <failure type="java.lang.AssertionError" message="Error Occured while clicking on ">
      <![CDATA[java.lang.AssertionError: Error Occured while clicking on 
at com.planit.core.framework.BaseUtil.clickOn(BaseUtil.java:24)
at com.planit.application.pagefactory.HomePage.goToShoppingPage(HomePage.java:47)
at com.planit.application.tests.TC004.testcase(TC004.java:43)
at java.util.ArrayList.forEach(Unknown Source)
... Removed 32 stack frames]]>
    </failure>
  </testcase> <!-- testcase -->
</testsuite> <!-- Group of group Test -->
